<?xml version="1.0" encoding="UTF-8"?>
<testng-results skipped="0" failed="0" total="1" passed="1">
  <reporter-output>
  </reporter-output>
  <suite name="BDD Test Suite" duration-ms="110598" started-at="2019-05-12T12:51:43Z" finished-at="2019-05-12T12:53:34Z">
    <groups>
      <group name="cucumber">
        <method signature="TestRunner.feature(cucumber.api.testng.CucumberFeatureWrapper)[pri:0, instance:com.everestengineering.testrunner.TestRunner@2c6a3f77]" name="feature" class="com.everestengineering.testrunner.TestRunner"/>
      </group> <!-- cucumber -->
    </groups>
    <test name="Regression Test" duration-ms="110598" started-at="2019-05-12T12:51:43Z" finished-at="2019-05-12T12:53:34Z">
      <class name="com.everestengineering.testrunner.TestRunner">
        <test-method status="PASS" signature="setUpClass()[pri:0, instance:com.everestengineering.testrunner.TestRunner@2c6a3f77]" name="setUpClass" is-config="true" duration-ms="161" started-at="2019-05-12T18:21:43Z" finished-at="2019-05-12T18:21:43Z">
          <reporter-output>
          </reporter-output>
        </test-method> <!-- setUpClass -->
        <test-method status="PASS" signature="feature(cucumber.api.testng.CucumberFeatureWrapper)[pri:0, instance:com.everestengineering.testrunner.TestRunner@2c6a3f77]" name="feature" duration-ms="110344" started-at="2019-05-12T18:21:43Z" description="Runs cucumber features" data-provider="features" finished-at="2019-05-12T18:23:34Z">
          <params>
            <param index="0">
              <value>
                <![CDATA[Title of your feature]]>
              </value>
            </param>
          </params>
          <reporter-output>
          </reporter-output>
        </test-method> <!-- feature -->
        <test-method status="PASS" signature="tearDownClass()[pri:0, instance:com.everestengineering.testrunner.TestRunner@2c6a3f77]" name="tearDownClass" is-config="true" duration-ms="23" started-at="2019-05-12T18:23:34Z" finished-at="2019-05-12T18:23:34Z">
          <reporter-output>
          </reporter-output>
        </test-method> <!-- tearDownClass -->
      </class> <!-- com.everestengineering.testrunner.TestRunner -->
    </test> <!-- Regression Test -->
  </suite> <!-- BDD Test Suite -->
</testng-results>
