<?xml version="1.0" encoding="UTF-8"?>
<testng-results skipped="0" failed="0" total="1" passed="1">
  <reporter-output>
  </reporter-output>
  <suite name="BDD Test Suite" duration-ms="7047" started-at="2019-05-11T08:26:05Z" finished-at="2019-05-11T08:26:13Z">
    <groups>
      <group name="cucumber">
        <method signature="TestRunner.feature(cucumber.api.testng.CucumberFeatureWrapper)[pri:0, instance:com.everestengineering.testrunner.TestRunner@1a968a59]" name="feature" class="com.everestengineering.testrunner.TestRunner"/>
      </group> <!-- cucumber -->
    </groups>
    <test name="Regression Test" duration-ms="7047" started-at="2019-05-11T08:26:05Z" finished-at="2019-05-11T08:26:13Z">
      <class name="com.everestengineering.testrunner.TestRunner">
        <test-method status="PASS" signature="setUpClass()[pri:0, instance:com.everestengineering.testrunner.TestRunner@1a968a59]" name="setUpClass" is-config="true" duration-ms="158" started-at="2019-05-11T13:56:06Z" finished-at="2019-05-11T13:56:06Z">
          <reporter-output>
          </reporter-output>
        </test-method> <!-- setUpClass -->
        <test-method status="PASS" signature="feature(cucumber.api.testng.CucumberFeatureWrapper)[pri:0, instance:com.everestengineering.testrunner.TestRunner@1a968a59]" name="feature" duration-ms="6739" started-at="2019-05-11T13:56:06Z" description="Runs cucumber features" data-provider="features" finished-at="2019-05-11T13:56:12Z">
          <params>
            <param index="0">
              <value>
                <![CDATA[Title of your feature]]>
              </value>
            </param>
          </params>
          <reporter-output>
          </reporter-output>
        </test-method> <!-- feature -->
        <test-method status="PASS" signature="tearDownClass()[pri:0, instance:com.everestengineering.testrunner.TestRunner@1a968a59]" name="tearDownClass" is-config="true" duration-ms="84" started-at="2019-05-11T13:56:12Z" finished-at="2019-05-11T13:56:13Z">
          <reporter-output>
          </reporter-output>
        </test-method> <!-- tearDownClass -->
      </class> <!-- com.everestengineering.testrunner.TestRunner -->
    </test> <!-- Regression Test -->
  </suite> <!-- BDD Test Suite -->
</testng-results>
